[2026-02-14T16:17:47.066+0000] {local_task_job_runner.py:120} INFO - ::group::Pre task execution logs
[2026-02-14T16:17:47.080+0000] {taskinstance.py:2076} INFO - Dependencies all met for dep_context=non-requeueable deps ti=<TaskInstance: Airflow_Lab1.load_model_task manual__2026-02-14T16:17:25.188501+00:00 [queued]>
[2026-02-14T16:17:47.085+0000] {taskinstance.py:2076} INFO - Dependencies all met for dep_context=requeueable deps ti=<TaskInstance: Airflow_Lab1.load_model_task manual__2026-02-14T16:17:25.188501+00:00 [queued]>
[2026-02-14T16:17:47.085+0000] {taskinstance.py:2306} INFO - Starting attempt 1 of 1
[2026-02-14T16:17:47.093+0000] {taskinstance.py:2330} INFO - Executing <Task(PythonOperator): load_model_task> on 2026-02-14 16:17:25.188501+00:00
[2026-02-14T16:17:47.103+0000] {warnings.py:112} WARNING - /home/***/.local/lib/python3.12/site-packages/***/task/task_runner/standard_task_runner.py:61: DeprecationWarning: This process (pid=953) is multi-threaded, use of fork() may lead to deadlocks in the child.
  pid = os.fork()

[2026-02-14T16:17:47.105+0000] {standard_task_runner.py:63} INFO - Started process 963 to run task
[2026-02-14T16:17:47.105+0000] {standard_task_runner.py:90} INFO - Running: ['***', 'tasks', 'run', 'Airflow_Lab1', 'load_model_task', 'manual__2026-02-14T16:17:25.188501+00:00', '--job-id', '34', '--raw', '--subdir', 'DAGS_FOLDER/***.py', '--cfg-path', '/tmp/tmpgdigiwwx']
[2026-02-14T16:17:47.108+0000] {standard_task_runner.py:91} INFO - Job 34: Subtask load_model_task
[2026-02-14T16:17:47.146+0000] {task_command.py:426} INFO - Running <TaskInstance: Airflow_Lab1.load_model_task manual__2026-02-14T16:17:25.188501+00:00 [running]> on host e3ce6307c203
[2026-02-14T16:17:47.216+0000] {taskinstance.py:2648} INFO - Exporting env vars: AIRFLOW_CTX_DAG_OWNER='your_name' AIRFLOW_CTX_DAG_ID='Airflow_Lab1' AIRFLOW_CTX_TASK_ID='load_model_task' AIRFLOW_CTX_EXECUTION_DATE='2026-02-14T16:17:25.188501+00:00' AIRFLOW_CTX_TRY_NUMBER='1' AIRFLOW_CTX_DAG_RUN_ID='manual__2026-02-14T16:17:25.188501+00:00'
[2026-02-14T16:17:47.217+0000] {taskinstance.py:430} INFO - ::endgroup::
[2026-02-14T16:17:47.227+0000] {logging_mixin.py:188} INFO - Best epsilon: 0.3894736842105263
[2026-02-14T16:17:47.227+0000] {logging_mixin.py:188} INFO - Best silhouette score: 0.1933505231404846
[2026-02-14T16:17:47.278+0000] {python.py:237} INFO - Done. Returned value was: -1
[2026-02-14T16:17:47.278+0000] {taskinstance.py:441} INFO - ::group::Post task execution logs
[2026-02-14T16:17:47.314+0000] {taskinstance.py:1206} INFO - Marking task as SUCCESS. dag_id=Airflow_Lab1, task_id=load_model_task, run_id=manual__2026-02-14T16:17:25.188501+00:00, execution_date=20260214T161725, start_date=20260214T161747, end_date=20260214T161747
[2026-02-14T16:17:47.369+0000] {local_task_job_runner.py:240} INFO - Task exited with return code 0
[2026-02-14T16:17:47.380+0000] {taskinstance.py:3503} INFO - 0 downstream tasks scheduled from follow-on schedule check
[2026-02-14T16:17:47.381+0000] {local_task_job_runner.py:222} INFO - ::endgroup::
