[2026-02-14T15:44:59.893+0000] {local_task_job_runner.py:120} INFO - ::group::Pre task execution logs
[2026-02-14T15:44:59.912+0000] {taskinstance.py:2076} INFO - Dependencies all met for dep_context=non-requeueable deps ti=<TaskInstance: Airflow_Lab1.load_model_task scheduled__2026-02-13T00:00:00+00:00 [queued]>
[2026-02-14T15:44:59.916+0000] {taskinstance.py:2076} INFO - Dependencies all met for dep_context=requeueable deps ti=<TaskInstance: Airflow_Lab1.load_model_task scheduled__2026-02-13T00:00:00+00:00 [queued]>
[2026-02-14T15:44:59.916+0000] {taskinstance.py:2306} INFO - Starting attempt 1 of 1
[2026-02-14T15:44:59.925+0000] {taskinstance.py:2330} INFO - Executing <Task(PythonOperator): load_model_task> on 2026-02-13 00:00:00+00:00
[2026-02-14T15:44:59.939+0000] {warnings.py:112} WARNING - /home/***/.local/lib/python3.12/site-packages/***/task/task_runner/standard_task_runner.py:61: DeprecationWarning: This process (pid=262) is multi-threaded, use of fork() may lead to deadlocks in the child.
  pid = os.fork()

[2026-02-14T15:44:59.940+0000] {standard_task_runner.py:63} INFO - Started process 272 to run task
[2026-02-14T15:44:59.940+0000] {standard_task_runner.py:90} INFO - Running: ['***', 'tasks', 'run', 'Airflow_Lab1', 'load_model_task', 'scheduled__2026-02-13T00:00:00+00:00', '--job-id', '16', '--raw', '--subdir', 'DAGS_FOLDER/***.py', '--cfg-path', '/tmp/tmpmaf0gbij']
[2026-02-14T15:44:59.943+0000] {standard_task_runner.py:91} INFO - Job 16: Subtask load_model_task
[2026-02-14T15:44:59.996+0000] {task_command.py:426} INFO - Running <TaskInstance: Airflow_Lab1.load_model_task scheduled__2026-02-13T00:00:00+00:00 [running]> on host e3ce6307c203
[2026-02-14T15:45:00.151+0000] {taskinstance.py:2648} INFO - Exporting env vars: AIRFLOW_CTX_DAG_OWNER='your_name' AIRFLOW_CTX_DAG_ID='Airflow_Lab1' AIRFLOW_CTX_TASK_ID='load_model_task' AIRFLOW_CTX_EXECUTION_DATE='2026-02-13T00:00:00+00:00' AIRFLOW_CTX_TRY_NUMBER='1' AIRFLOW_CTX_DAG_RUN_ID='scheduled__2026-02-13T00:00:00+00:00'
[2026-02-14T15:45:00.153+0000] {taskinstance.py:430} INFO - ::endgroup::
[2026-02-14T15:45:00.182+0000] {logging_mixin.py:188} INFO - Optimal no. of clusters: 8
[2026-02-14T15:45:00.200+0000] {warnings.py:112} WARNING - /home/***/.local/lib/python3.12/site-packages/sklearn/utils/validation.py:2684: UserWarning: X has feature names, but KMeans was fitted without feature names
  warnings.warn(

[2026-02-14T15:45:00.303+0000] {python.py:237} INFO - Done. Returned value was: 5
[2026-02-14T15:45:00.308+0000] {taskinstance.py:441} INFO - ::group::Post task execution logs
[2026-02-14T15:45:00.392+0000] {taskinstance.py:1206} INFO - Marking task as SUCCESS. dag_id=Airflow_Lab1, task_id=load_model_task, run_id=scheduled__2026-02-13T00:00:00+00:00, execution_date=20260213T000000, start_date=20260214T154459, end_date=20260214T154500
[2026-02-14T15:45:00.428+0000] {local_task_job_runner.py:240} INFO - Task exited with return code 0
[2026-02-14T15:45:00.468+0000] {taskinstance.py:3503} INFO - 0 downstream tasks scheduled from follow-on schedule check
[2026-02-14T15:45:00.470+0000] {local_task_job_runner.py:222} INFO - ::endgroup::
