[2026-02-14T15:55:56.520+0000] {local_task_job_runner.py:120} INFO - ::group::Pre task execution logs
[2026-02-14T15:55:56.537+0000] {taskinstance.py:2076} INFO - Dependencies all met for dep_context=non-requeueable deps ti=<TaskInstance: Airflow_Lab1.load_model_task manual__2026-02-14T15:55:05.523803+00:00 [queued]>
[2026-02-14T15:55:56.542+0000] {taskinstance.py:2076} INFO - Dependencies all met for dep_context=requeueable deps ti=<TaskInstance: Airflow_Lab1.load_model_task manual__2026-02-14T15:55:05.523803+00:00 [queued]>
[2026-02-14T15:55:56.542+0000] {taskinstance.py:2306} INFO - Starting attempt 1 of 1
[2026-02-14T15:55:56.556+0000] {taskinstance.py:2330} INFO - Executing <Task(PythonOperator): load_model_task> on 2026-02-14 15:55:05.523803+00:00
[2026-02-14T15:55:56.576+0000] {warnings.py:112} WARNING - /home/***/.local/lib/python3.12/site-packages/***/task/task_runner/standard_task_runner.py:61: DeprecationWarning: This process (pid=484) is multi-threaded, use of fork() may lead to deadlocks in the child.
  pid = os.fork()

[2026-02-14T15:55:56.578+0000] {standard_task_runner.py:63} INFO - Started process 494 to run task
[2026-02-14T15:55:56.579+0000] {standard_task_runner.py:90} INFO - Running: ['***', 'tasks', 'run', 'Airflow_Lab1', 'load_model_task', 'manual__2026-02-14T15:55:05.523803+00:00', '--job-id', '20', '--raw', '--subdir', 'DAGS_FOLDER/***.py', '--cfg-path', '/tmp/tmplk8r0teu']
[2026-02-14T15:55:56.586+0000] {standard_task_runner.py:91} INFO - Job 20: Subtask load_model_task
[2026-02-14T15:55:56.633+0000] {task_command.py:426} INFO - Running <TaskInstance: Airflow_Lab1.load_model_task manual__2026-02-14T15:55:05.523803+00:00 [running]> on host e3ce6307c203
[2026-02-14T15:55:56.719+0000] {taskinstance.py:2648} INFO - Exporting env vars: AIRFLOW_CTX_DAG_OWNER='your_name' AIRFLOW_CTX_DAG_ID='Airflow_Lab1' AIRFLOW_CTX_TASK_ID='load_model_task' AIRFLOW_CTX_EXECUTION_DATE='2026-02-14T15:55:05.523803+00:00' AIRFLOW_CTX_TRY_NUMBER='1' AIRFLOW_CTX_DAG_RUN_ID='manual__2026-02-14T15:55:05.523803+00:00'
[2026-02-14T15:55:56.720+0000] {taskinstance.py:430} INFO - ::endgroup::
[2026-02-14T15:55:56.735+0000] {logging_mixin.py:188} INFO - Optimal no. of clusters: 8
[2026-02-14T15:55:56.753+0000] {warnings.py:112} WARNING - /home/***/.local/lib/python3.12/site-packages/sklearn/utils/validation.py:2684: UserWarning: X has feature names, but KMeans was fitted without feature names
  warnings.warn(

[2026-02-14T15:55:56.776+0000] {python.py:237} INFO - Done. Returned value was: 5
[2026-02-14T15:55:56.778+0000] {taskinstance.py:441} INFO - ::group::Post task execution logs
[2026-02-14T15:55:56.844+0000] {taskinstance.py:1206} INFO - Marking task as SUCCESS. dag_id=Airflow_Lab1, task_id=load_model_task, run_id=manual__2026-02-14T15:55:05.523803+00:00, execution_date=20260214T155505, start_date=20260214T155556, end_date=20260214T155556
[2026-02-14T15:55:56.888+0000] {local_task_job_runner.py:240} INFO - Task exited with return code 0
[2026-02-14T15:55:56.904+0000] {taskinstance.py:3503} INFO - 0 downstream tasks scheduled from follow-on schedule check
[2026-02-14T15:55:56.905+0000] {local_task_job_runner.py:222} INFO - ::endgroup::
